
Profiling started at Wed Sep 30 17:04:53 2015
Profiling stopped at Wed Sep 30 17:04:53 2015

-- OProfile/operf Statistics --
Nr. non-backtrace samples: 60
Nr. kernel samples: 28
Nr. user space samples: 32
Nr. samples lost due to sample address not in expected range for domain: 0
Nr. lost kernel samples: 0
Nr. samples lost due to sample file open failure: 0
Nr. samples lost due to no permanent mapping: 0
Nr. user context kernel samples lost due to no app info available: 0
Nr. user samples lost due to no app info available: 0
Nr. backtraces skipped due to no file mapping: 0
Nr. hypervisor samples dropped due to address out-of-range: 0
Nr. samples lost reported by perf_events kernel: 0

Profiling started at Wed Sep 30 17:49:20 2015
Profiling stopped at Wed Sep 30 17:49:20 2015

-- OProfile/operf Statistics --
Nr. non-backtrace samples: 71
Nr. kernel samples: 40
Nr. user space samples: 31
Nr. samples lost due to sample address not in expected range for domain: 0
Nr. lost kernel samples: 0
Nr. samples lost due to sample file open failure: 0
Nr. samples lost due to no permanent mapping: 0
Nr. user context kernel samples lost due to no app info available: 0
Nr. user samples lost due to no app info available: 0
Nr. backtraces skipped due to no file mapping: 0
Nr. hypervisor samples dropped due to address out-of-range: 0
Nr. samples lost reported by perf_events kernel: 0

Profiling started at Wed Sep 30 18:13:49 2015
Profiling stopped at Wed Sep 30 18:13:49 2015

-- OProfile/operf Statistics --
Nr. non-backtrace samples: 68
Nr. kernel samples: 36
Nr. user space samples: 32
Nr. samples lost due to sample address not in expected range for domain: 0
Nr. lost kernel samples: 0
Nr. samples lost due to sample file open failure: 0
Nr. samples lost due to no permanent mapping: 0
Nr. user context kernel samples lost due to no app info available: 0
Nr. user samples lost due to no app info available: 0
Nr. backtraces skipped due to no file mapping: 0
Nr. hypervisor samples dropped due to address out-of-range: 0
Nr. samples lost reported by perf_events kernel: 0

Profiling started at Thu Oct  8 16:29:47 2015
Profiling stopped at Thu Oct  8 16:29:47 2015

-- OProfile/operf Statistics --
Nr. non-backtrace samples: 62
Nr. kernel samples: 23
Nr. user space samples: 39
Nr. samples lost due to sample address not in expected range for domain: 0
Nr. lost kernel samples: 0
Nr. samples lost due to sample file open failure: 0
Nr. samples lost due to no permanent mapping: 0
Nr. user context kernel samples lost due to no app info available: 0
Nr. user samples lost due to no app info available: 0
Nr. backtraces skipped due to no file mapping: 0
Nr. hypervisor samples dropped due to address out-of-range: 0
Nr. samples lost reported by perf_events kernel: 0

Profiling started at Thu Oct  8 16:32:41 2015
Profiling stopped at Thu Oct  8 16:32:41 2015

-- OProfile/operf Statistics --
Nr. non-backtrace samples: 62
Nr. kernel samples: 22
Nr. user space samples: 40
Nr. samples lost due to sample address not in expected range for domain: 0
Nr. lost kernel samples: 0
Nr. samples lost due to sample file open failure: 0
Nr. samples lost due to no permanent mapping: 0
Nr. user context kernel samples lost due to no app info available: 0
Nr. user samples lost due to no app info available: 0
Nr. backtraces skipped due to no file mapping: 0
Nr. hypervisor samples dropped due to address out-of-range: 0
Nr. samples lost reported by perf_events kernel: 0

Profiling started at Thu Oct  8 16:36:41 2015
Profiling stopped at Thu Oct  8 16:36:41 2015

-- OProfile/operf Statistics --
Nr. non-backtrace samples: 80
Nr. kernel samples: 42
Nr. user space samples: 38
Nr. samples lost due to sample address not in expected range for domain: 0
Nr. lost kernel samples: 0
Nr. samples lost due to sample file open failure: 0
Nr. samples lost due to no permanent mapping: 0
Nr. user context kernel samples lost due to no app info available: 0
Nr. user samples lost due to no app info available: 0
Nr. backtraces skipped due to no file mapping: 0
Nr. hypervisor samples dropped due to address out-of-range: 0
Nr. samples lost reported by perf_events kernel: 0
